        -:    0:Source:C:/Workspace/com.katet42/frameworks/cdo/crates/cdo/lib/commons/archive.c
        -:    0:Graph:.\build\debug\cdo\lib\archive.gcno
        -:    0:Data:.\build\debug\cdo\lib\archive.gcda
        -:    0:Runs:1
        -:    1:#include "commons/archive.h"
        -:    2:#include "pal/pal.h"
        -:    3:#include <stdarg.h>
        -:    4:#include <stdint.h>
        -:    5:#include <stdlib.h>
        -:    6:#include <string.h>
        -:    7:#include <stdio.h>
        -:    8:#include <stdbool.h>
        -:    9:
        -:   10:#ifndef _WIN32
        -:   11:#include <sys/stat.h>
        -:   12:#endif
        -:   13:
        -:   14:/* ============================================================
        -:   15: * Internal error helper (replaces core/output.h dependency)
        -:   16: * ============================================================ */
        -:   17:
    #####:   18:static void archive_error(const char* fmt, ...) {
        -:   19:    va_list args;
    #####:   20:    va_start(args, fmt);
    #####:   21:    fprintf(stderr, "error: ");
    #####:   22:    vfprintf(stderr, fmt, args);
    #####:   23:    fprintf(stderr, "\n");
    #####:   24:    va_end(args);
    #####:   25:}
        -:   26:
        -:   27:#define ZIP_LFH_SIG   0x04034b50u
        -:   28:#define ZIP_CD_SIG    0x02014b50u
        -:   29:#define ZIP_EOCD_SIG  0x06054b50u
        -:   30:#define ZIP_STORE     0
        -:   31:#define ZIP_DEFLATE   8
        -:   32:#define ZIP_EOCD_MAX  (65535 + 22)
        -:   33:
    #####:   34:static inline uint16_t rd16(const uint8_t* p) {
    #####:   35:    return (uint16_t)p[0] | ((uint16_t)p[1] << 8);
        -:   36:}
    #####:   37:static inline uint32_t rd32(const uint8_t* p) {
    #####:   38:    return (uint32_t)p[0] | ((uint32_t)p[1] << 8) |
    #####:   39:           ((uint32_t)p[2] << 16) | ((uint32_t)p[3] << 24);
        -:   40:}
        -:   41:
        -:   42:#define INF_MAXBITS 15
        -:   43:#define INF_MAXLIT  288
        -:   44:#define INF_MAXCLEN 19
        -:   45:
        -:   46:typedef struct { uint16_t cnt[INF_MAXBITS+1]; uint16_t sym[INF_MAXLIT]; } Huff;
        -:   47:typedef struct {
        -:   48:    const uint8_t* src; size_t slen; size_t spos;
        -:   49:    uint32_t bits; int bcnt;
        -:   50:    uint8_t* dst; size_t dcap; size_t dpos;
        -:   51:} Inf;
        -:   52:
    #####:   53:static int inf_bits(Inf* s, int n, uint32_t* v) {
    #####:   54:    while (s->bcnt < n) {
    #####:   55:        if (s->spos >= s->slen) return -1;
    #####:   56:        s->bits |= (uint32_t)s->src[s->spos++] << s->bcnt;
    #####:   57:        s->bcnt += 8;
        -:   58:    }
    #####:   59:    *v = s->bits & ((1u << n) - 1);
    #####:   60:    s->bits >>= n; s->bcnt -= n;
    #####:   61:    return 0;
        -:   62:}
        -:   63:
    #####:   64:static int inf_emit(Inf* s, uint8_t b) {
    #####:   65:    if (s->dpos >= s->dcap) {
    #####:   66:        size_t nc = s->dcap ? s->dcap * 2 : 4096;
    #####:   67:        uint8_t* nb = (uint8_t*)realloc(s->dst, nc);
    #####:   68:        if (!nb) return -1;
    #####:   69:        s->dst = nb; s->dcap = nc;
        -:   70:    }
    #####:   71:    s->dst[s->dpos++] = b;
    #####:   72:    return 0;
        -:   73:}
        -:   74:
    #####:   75:static int huff_build(Huff* h, const uint16_t* lens, int n) {
        -:   76:    uint16_t off[INF_MAXBITS+1];
        -:   77:    int i;
    #####:   78:    memset(h->cnt, 0, sizeof(h->cnt));
    #####:   79:    for (i = 0; i < n; i++) {
    #####:   80:        if (lens[i] > INF_MAXBITS) return -1;
    #####:   81:        h->cnt[lens[i]]++;
        -:   82:    }
    #####:   83:    h->cnt[0] = 0;
    #####:   84:    off[0] = 0; off[1] = 0;
    #####:   85:    for (i = 1; i < INF_MAXBITS; i++) off[i+1] = off[i] + h->cnt[i];
    #####:   86:    memset(h->sym, 0, sizeof(h->sym));
    #####:   87:    for (i = 0; i < n; i++)
    #####:   88:        if (lens[i]) h->sym[off[lens[i]]++] = (uint16_t)i;
    #####:   89:    return 0;
        -:   90:}
        -:   91:
    #####:   92:static int huff_dec(Inf* s, const Huff* h, uint16_t* out) {
    #####:   93:    int code = 0, first = 0, idx = 0, len;
    #####:   94:    for (len = 1; len <= INF_MAXBITS; len++) {
        -:   95:        uint32_t bit;
    #####:   96:        if (inf_bits(s, 1, &bit)) return -1;
    #####:   97:        code = (code << 1) | (int)bit;
    #####:   98:        int c = h->cnt[len];
    #####:   99:        if (code - c < first) {
    #####:  100:            *out = h->sym[idx + (code - first)];
    #####:  101:            return 0;
        -:  102:        }
    #####:  103:        idx += c;
    #####:  104:        first = (first + c) << 1;
        -:  105:    }
    #####:  106:    return -1;
        -:  107:}
        -:  108:
    #####:  109:static int inf_fixed(Huff* lit, Huff* dist) {
        -:  110:    uint16_t l[INF_MAXLIT];
        -:  111:    int i;
    #####:  112:    for (i = 0;   i <= 143; i++) l[i] = 8;
    #####:  113:    for (i = 144; i <= 255; i++) l[i] = 9;
    #####:  114:    for (i = 256; i <= 279; i++) l[i] = 7;
    #####:  115:    for (i = 280; i <= 287; i++) l[i] = 8;
    #####:  116:    if (huff_build(lit, l, 288)) return -1;
    #####:  117:    for (i = 0; i < 32; i++) l[i] = 5;
    #####:  118:    if (huff_build(dist, l, 32)) return -1;
    #####:  119:    return 0;
        -:  120:}
        -:  121:
        -:  122:static const uint16_t LB[29] = {
        -:  123:    3,4,5,6,7,8,9,10,11,13,15,17,19,23,27,31,
        -:  124:    35,43,51,59,67,83,99,115,131,163,195,227,258};
        -:  125:static const uint16_t LE[29] = {
        -:  126:    0,0,0,0,0,0,0,0,1,1,1,1,2,2,2,2,
        -:  127:    3,3,3,3,4,4,4,4,5,5,5,5,0};
        -:  128:static const uint16_t DB[30] = {
        -:  129:    1,2,3,4,5,7,9,13,17,25,33,49,65,97,129,193,
        -:  130:    257,385,513,769,1025,1537,2049,3073,4097,6145,
        -:  131:    8193,12289,16385,24577};
        -:  132:static const uint16_t DE[30] = {
        -:  133:    0,0,0,0,1,1,2,2,3,3,4,4,5,5,6,6,
        -:  134:    7,7,8,8,9,9,10,10,11,11,12,12,13,13};
        -:  135:
    #####:  136:static int inf_codes(Inf* s, const Huff* lit, const Huff* dist) {
    #####:  137:    for (;;) {
        -:  138:        uint16_t sym;
    #####:  139:        if (huff_dec(s, lit, &sym)) return -1;
    #####:  140:        if (sym < 256) {
    #####:  141:            if (inf_emit(s, (uint8_t)sym)) return -1;
    #####:  142:        } else if (sym == 256) {
    #####:  143:            return 0;
        -:  144:        } else {
    #####:  145:            int li = sym - 257;
    #####:  146:            if (li < 0 || li >= 29) return -1;
    #####:  147:            uint32_t ex, length = LB[li];
    #####:  148:            if (LE[li]) { if (inf_bits(s, LE[li], &ex)) return -1; length += ex; }
        -:  149:            uint16_t ds;
    #####:  150:            if (huff_dec(s, dist, &ds)) return -1;
    #####:  151:            if (ds >= 30) return -1;
    #####:  152:            uint32_t distance = DB[ds];
    #####:  153:            if (DE[ds]) { if (inf_bits(s, DE[ds], &ex)) return -1; distance += ex; }
    #####:  154:            if ((size_t)distance > s->dpos) return -1;
    #####:  155:            size_t sp = s->dpos - distance;
    #####:  156:            for (uint32_t i = 0; i < length; i++) {
    #####:  157:                uint8_t b = s->dst[sp + i];
    #####:  158:                if (inf_emit(s, b)) return -1;
        -:  159:            }
        -:  160:        }
        -:  161:    }
        -:  162:}
        -:  163:
        -:  164:static const int CLEN_ORD[INF_MAXCLEN] = {
        -:  165:    16,17,18,0,8,7,9,6,10,5,11,4,12,3,13,2,14,1,15};
        -:  166:
    #####:  167:static int inf_dynamic(Inf* s, Huff* lit, Huff* dist) {
        -:  168:    uint32_t v;
        -:  169:    int i;
    #####:  170:    if (inf_bits(s, 5, &v)) return -1; int hlit = (int)v + 257;
    #####:  171:    if (inf_bits(s, 5, &v)) return -1; int hdist = (int)v + 1;
    #####:  172:    if (inf_bits(s, 4, &v)) return -1; int hclen = (int)v + 4;
    #####:  173:    if (hlit > 286 || hdist > 30) return -1;
        -:  174:
        -:  175:    uint16_t cl[INF_MAXCLEN];
    #####:  176:    memset(cl, 0, sizeof(cl));
    #####:  177:    for (i = 0; i < hclen; i++) {
    #####:  178:        if (inf_bits(s, 3, &v)) return -1;
    #####:  179:        cl[CLEN_ORD[i]] = (uint16_t)v;
        -:  180:    }
        -:  181:    Huff ch;
    #####:  182:    if (huff_build(&ch, cl, INF_MAXCLEN)) return -1;
        -:  183:
    #####:  184:    int total = hlit + hdist;
        -:  185:    uint16_t lens[INF_MAXLIT + 32];
    #####:  186:    memset(lens, 0, sizeof(lens));
    #####:  187:    i = 0;
    #####:  188:    while (i < total) {
        -:  189:        uint16_t sym;
    #####:  190:        if (huff_dec(s, &ch, &sym)) return -1;
    #####:  191:        if (sym < 16) {
    #####:  192:            lens[i++] = sym;
    #####:  193:        } else if (sym == 16) {
    #####:  194:            if (!i) return -1;
    #####:  195:            if (inf_bits(s, 2, &v)) return -1;
    #####:  196:            int r = (int)v + 3;
    #####:  197:            uint16_t p = lens[i-1];
    #####:  198:            while (r-- && i < total) lens[i++] = p;
    #####:  199:        } else if (sym == 17) {
    #####:  200:            if (inf_bits(s, 3, &v)) return -1;
    #####:  201:            int r = (int)v + 3;
    #####:  202:            while (r-- && i < total) lens[i++] = 0;
    #####:  203:        } else if (sym == 18) {
    #####:  204:            if (inf_bits(s, 7, &v)) return -1;
    #####:  205:            int r = (int)v + 11;
    #####:  206:            while (r-- && i < total) lens[i++] = 0;
        -:  207:        } else {
    #####:  208:            return -1;
        -:  209:        }
        -:  210:    }
    #####:  211:    if (huff_build(lit, lens, hlit)) return -1;
    #####:  212:    if (huff_build(dist, lens + hlit, hdist)) return -1;
    #####:  213:    return 0;
        -:  214:}
        -:  215:
    #####:  216:static int inflate_raw(const uint8_t* src, size_t slen,
        -:  217:                       uint8_t** out, size_t* olen) {
        -:  218:    Inf s;
    #####:  219:    memset(&s, 0, sizeof(s));
    #####:  220:    s.src = src; s.slen = slen;
    #####:  221:    s.dcap = slen > 1024 ? slen * 3 : 4096;
    #####:  222:    s.dst = (uint8_t*)malloc(s.dcap);
    #####:  223:    if (!s.dst) return -1;
        -:  224:
    #####:  225:    int fin = 0;
    #####:  226:    while (!fin) {
        -:  227:        uint32_t v;
    #####:  228:        if (inf_bits(&s, 1, &v)) goto fail;
    #####:  229:        fin = (int)v;
    #####:  230:        if (inf_bits(&s, 2, &v)) goto fail;
    #####:  231:        int bt = (int)v;
    #####:  232:        if (bt == 0) {
    #####:  233:            s.bits = 0; s.bcnt = 0;
    #####:  234:            if (s.spos + 4 > s.slen) goto fail;
    #####:  235:            uint16_t len = rd16(s.src + s.spos);
    #####:  236:            uint16_t nlen = rd16(s.src + s.spos + 2);
    #####:  237:            s.spos += 4;
    #####:  238:            if ((uint16_t)(~nlen) != len) goto fail;
    #####:  239:            if (s.spos + len > s.slen) goto fail;
    #####:  240:            for (uint16_t k = 0; k < len; k++)
    #####:  241:                if (inf_emit(&s, s.src[s.spos++])) goto fail;
    #####:  242:        } else if (bt == 1) {
        -:  243:            Huff lit, dist;
    #####:  244:            if (inf_fixed(&lit, &dist)) goto fail;
    #####:  245:            if (inf_codes(&s, &lit, &dist)) goto fail;
    #####:  246:        } else if (bt == 2) {
        -:  247:            Huff lit, dist;
    #####:  248:            if (inf_dynamic(&s, &lit, &dist)) goto fail;
    #####:  249:            if (inf_codes(&s, &lit, &dist)) goto fail;
        -:  250:        } else {
    #####:  251:            goto fail;
        -:  252:        }
        -:  253:    }
    #####:  254:    *out = s.dst; *olen = s.dpos;
    #####:  255:    return 0;
    #####:  256:fail:
    #####:  257:    free(s.dst);
    #####:  258:    return -1;
        -:  259:}
        -:  260:
    #####:  261:static const uint8_t* zip_find_eocd(const uint8_t* d, size_t len) {
    #####:  262:    if (len < 22) return NULL;
    #####:  263:    size_t lo = len > (size_t)ZIP_EOCD_MAX ? len - (size_t)ZIP_EOCD_MAX : 0;
    #####:  264:    for (size_t i = len - 22; ; i--) {
    #####:  265:        if (rd32(d + i) == ZIP_EOCD_SIG) return d + i;
    #####:  266:        if (i <= lo) break;
        -:  267:    }
    #####:  268:    return NULL;
        -:  269:}
        -:  270:
    #####:  271:static int zip_mkparent(const char* path) {
    #####:  272:    const char* sep = NULL;
    #####:  273:    for (const char* p = path; *p; p++)
    #####:  274:        if (*p == '/' || *p == '\\') sep = p;
    #####:  275:    if (!sep) return 0;
    #####:  276:    size_t n = (size_t)(sep - path);
    #####:  277:    char* dir = (char*)malloc(n + 1);
    #####:  278:    if (!dir) return -1;
    #####:  279:    memcpy(dir, path, n); dir[n] = '\0';
    #####:  280:    int rc = pal_mkdir_p(dir);
    #####:  281:    free(dir);
    #####:  282:    return rc;
        -:  283:}
        -:  284:
    #####:  285:int archive_extract_zip(const char* archive_path, const char* dest_dir) {
    #####:  286:    if (!archive_path || !dest_dir) return -1;
        -:  287:
    #####:  288:    char* raw = NULL; size_t rlen = 0;
    #####:  289:    if (pal_file_read(archive_path, &raw, &rlen) != 0) {
    #####:  290:        archive_error("archive: cannot read '%s'", archive_path);
    #####:  291:        return -1;
        -:  292:    }
    #####:  293:    const uint8_t* d = (const uint8_t*)raw;
        -:  294:
    #####:  295:    const uint8_t* eocd = zip_find_eocd(d, rlen);
    #####:  296:    if (!eocd) {
    #####:  297:        archive_error("archive: corrupted ZIP (no EOCD) '%s'", archive_path);
    #####:  298:        free(raw); return -1;
        -:  299:    }
        -:  300:
    #####:  301:    uint16_t nent = rd16(eocd + 10);
    #####:  302:    uint32_t cdoff = rd32(eocd + 16);
    #####:  303:    if ((size_t)cdoff >= rlen) {
    #####:  304:        archive_error("archive: corrupted ZIP (bad CD offset) '%s'", archive_path);
    #####:  305:        free(raw); return -1;
        -:  306:    }
        -:  307:
    #####:  308:    if (pal_mkdir_p(dest_dir) != 0) {
    #####:  309:        archive_error("archive: cannot create dest '%s'", dest_dir);
    #####:  310:        free(raw); return -1;
        -:  311:    }
        -:  312:
    #####:  313:    const uint8_t* cd = d + cdoff;
    #####:  314:    for (int i = 0; i < (int)nent; i++) {
    #####:  315:        if (cd + 46 > d + rlen || rd32(cd) != ZIP_CD_SIG) {
    #####:  316:            archive_error("archive: bad central directory '%s'", archive_path);
    #####:  317:            free(raw); return -1;
        -:  318:        }
        -:  319:
    #####:  320:        uint16_t method  = rd16(cd + 10);
    #####:  321:        uint32_t csz     = rd32(cd + 20);
    #####:  322:        uint32_t usz     = rd32(cd + 24);
    #####:  323:        uint16_t nlen    = rd16(cd + 28);
    #####:  324:        uint16_t elen    = rd16(cd + 30);
    #####:  325:        uint16_t clen    = rd16(cd + 32);
    #####:  326:        uint32_t loff    = rd32(cd + 42);
        -:  327:
    #####:  328:        if (cd + 46 + nlen > d + rlen) {
    #####:  329:            archive_error("archive: truncated entry '%s'", archive_path);
    #####:  330:            free(raw); return -1;
        -:  331:        }
    #####:  332:        const char* name = (const char*)(cd + 46);
    #####:  333:        cd += 46 + nlen + elen + clen;
        -:  334:
    #####:  335:        size_t dlen = strlen(dest_dir);
    #####:  336:        char* op = (char*)malloc(dlen + 1 + nlen + 1);
    #####:  337:        if (!op) { free(raw); return -1; }
    #####:  338:        memcpy(op, dest_dir, dlen);
    #####:  339:        op[dlen] = '/';
    #####:  340:        memcpy(op + dlen + 1, name, nlen);
    #####:  341:        op[dlen + 1 + nlen] = '\0';
    #####:  342:        pal_path_normalize(op);
        -:  343:
    #####:  344:        if (nlen > 0 && name[nlen - 1] == '/') {
    #####:  345:            pal_mkdir_p(op); free(op); continue;
        -:  346:        }
        -:  347:
    #####:  348:        if ((size_t)loff + 30 > rlen || rd32(d + loff) != ZIP_LFH_SIG) {
    #####:  349:            archive_error("archive: bad local header '%s'", archive_path);
    #####:  350:            free(op); free(raw); return -1;
        -:  351:        }
    #####:  352:        uint16_t ln = rd16(d + loff + 26);
    #####:  353:        uint16_t le = rd16(d + loff + 28);
    #####:  354:        size_t foff = (size_t)loff + 30 + ln + le;
    #####:  355:        if (foff + csz > rlen) {
    #####:  356:            archive_error("archive: data overflow '%s'", archive_path);
    #####:  357:            free(op); free(raw); return -1;
        -:  358:        }
    #####:  359:        const uint8_t* fd = d + foff;
        -:  360:
    #####:  361:        if (zip_mkparent(op) != 0) {
    #####:  362:            archive_error("archive: mkdir failed '%s'", op);
    #####:  363:            free(op); free(raw); return -1;
        -:  364:        }
        -:  365:
    #####:  366:        if (method == ZIP_STORE) {
    #####:  367:            if (pal_file_write(op, (const char*)fd, csz) != 0) {
    #####:  368:                archive_error("archive: write failed '%s'", op);
    #####:  369:                free(op); free(raw); return -1;
        -:  370:            }
    #####:  371:        } else if (method == ZIP_DEFLATE) {
    #####:  372:            uint8_t* dec = NULL; size_t dlen2 = 0;
    #####:  373:            if (inflate_raw(fd, csz, &dec, &dlen2) != 0) {
    #####:  374:                archive_error("archive: inflate failed in '%s'", archive_path);
    #####:  375:                free(op); free(raw); return -1;
        -:  376:            }
    #####:  377:            if (dlen2 != usz) {
    #####:  378:                archive_error("archive: size mismatch in '%s'", archive_path);
    #####:  379:                free(dec); free(op); free(raw); return -1;
        -:  380:            }
    #####:  381:            if (pal_file_write(op, (const char*)dec, dlen2) != 0) {
    #####:  382:                archive_error("archive: write failed '%s'", op);
    #####:  383:                free(dec); free(op); free(raw); return -1;
        -:  384:            }
    #####:  385:            free(dec);
        -:  386:        } else {
    #####:  387:            archive_error("archive: unsupported method %d in '%s'", method, archive_path);
    #####:  388:            free(op); free(raw); return -1;
        -:  389:        }
    #####:  390:        free(op);
        -:  391:    }
        -:  392:
    #####:  393:    free(raw);
    #####:  394:    return 0;
        -:  395:}
        -:  396:
        -:  397:/* ===========================================================================
        -:  398: * Gzip decompression (RFC 1952)
        -:  399: * =========================================================================== */
        -:  400:#define GZ_FEXTRA   0x04
        -:  401:#define GZ_FNAME    0x08
        -:  402:#define GZ_FCOMMENT 0x10
        -:  403:#define GZ_FHCRC    0x02
        -:  404:
    #####:  405:static int gzip_decompress(const uint8_t* data, size_t len,
        -:  406:                           uint8_t** out, size_t* out_len) {
    #####:  407:    if (len < 18) return -1;
    #####:  408:    if (data[0] != 0x1F || data[1] != 0x8B) return -1;
    #####:  409:    if (data[2] != 0x08) return -1; /* only DEFLATE method */
        -:  410:
    #####:  411:    uint8_t flg = data[3];
    #####:  412:    size_t pos = 10;
        -:  413:
    #####:  414:    if (flg & GZ_FEXTRA) {
    #####:  415:        if (pos + 2 > len) return -1;
    #####:  416:        uint16_t xlen = rd16(data + pos);
    #####:  417:        pos += 2 + xlen;
        -:  418:    }
    #####:  419:    if (flg & GZ_FNAME) {
    #####:  420:        while (pos < len && data[pos]) pos++;
    #####:  421:        pos++;
        -:  422:    }
    #####:  423:    if (flg & GZ_FCOMMENT) {
    #####:  424:        while (pos < len && data[pos]) pos++;
    #####:  425:        pos++;
        -:  426:    }
    #####:  427:    if (flg & GZ_FHCRC) pos += 2;
    #####:  428:    if (pos >= len) return -1;
        -:  429:
        -:  430:    /* Compressed data = everything between header and 8-byte trailer */
    #####:  431:    size_t clen = len - pos;
    #####:  432:    if (clen > 8) clen -= 8;
        -:  433:
    #####:  434:    return inflate_raw(data + pos, clen, out, out_len);
        -:  435:}
        -:  436:
        -:  437:/* ===========================================================================
        -:  438: * Tar parsing (POSIX / USTAR)
        -:  439: * =========================================================================== */
        -:  440:#define TAR_BLOCK 512
        -:  441:
    #####:  442:static size_t tar_octal(const char* s, int n) {
    #####:  443:    size_t v = 0;
    #####:  444:    for (int i = 0; i < n; i++) {
    #####:  445:        if (s[i] == '\0' || s[i] == ' ') break;
    #####:  446:        if (s[i] >= '0' && s[i] <= '7')
    #####:  447:            v = (v << 3) | (size_t)(s[i] - '0');
        -:  448:    }
    #####:  449:    return v;
        -:  450:}
        -:  451:
    #####:  452:static bool tar_zero_block(const uint8_t* b) {
    #####:  453:    for (int i = 0; i < TAR_BLOCK; i++)
    #####:  454:        if (b[i]) return false;
    #####:  455:    return true;
        -:  456:}
        -:  457:
    #####:  458:static int tar_entry_path(char* dst, size_t dsz,
        -:  459:                          const char* prefix, int pmax,
        -:  460:                          const char* name, int nmax) {
    #####:  461:    int plen = 0, nlen = 0;
    #####:  462:    for (int i = 0; i < pmax && prefix[i]; i++) plen++;
    #####:  463:    for (int i = 0; i < nmax && name[i]; i++) nlen++;
    #####:  464:    size_t total = (plen > 0) ? (size_t)plen + 1 + (size_t)nlen : (size_t)nlen;
    #####:  465:    if (total >= dsz) return -1;
    #####:  466:    if (plen > 0) {
    #####:  467:        memcpy(dst, prefix, (size_t)plen);
    #####:  468:        dst[plen] = '/';
    #####:  469:        memcpy(dst + plen + 1, name, (size_t)nlen);
        -:  470:    } else {
    #####:  471:        memcpy(dst, name, (size_t)nlen);
        -:  472:    }
    #####:  473:    dst[total] = '\0';
    #####:  474:    return 0;
        -:  475:}
        -:  476:
    #####:  477:static int tar_mkparent(const char* path) {
    #####:  478:    const char* sep = NULL;
    #####:  479:    for (const char* p = path; *p; p++)
    #####:  480:        if (*p == '/' || *p == '\\') sep = p;
    #####:  481:    if (!sep) return 0;
    #####:  482:    size_t n = (size_t)(sep - path);
    #####:  483:    char* dir = (char*)malloc(n + 1);
    #####:  484:    if (!dir) return -1;
    #####:  485:    memcpy(dir, path, n); dir[n] = '\0';
    #####:  486:    int rc = pal_mkdir_p(dir);
    #####:  487:    free(dir);
    #####:  488:    return rc;
        -:  489:}
        -:  490:
    #####:  491:static int tar_extract(const uint8_t* tar_data, size_t tar_len,
        -:  492:                       const char* dest_dir) {
    #####:  493:    size_t pos = 0;
    #####:  494:    int zero_blocks = 0;
    #####:  495:    size_t dlen = strlen(dest_dir);
        -:  496:
    #####:  497:    while (pos + TAR_BLOCK <= tar_len) {
    #####:  498:        const uint8_t* hdr = tar_data + pos;
        -:  499:
    #####:  500:        if (tar_zero_block(hdr)) {
    #####:  501:            zero_blocks++;
    #####:  502:            if (zero_blocks >= 2) break;
    #####:  503:            pos += TAR_BLOCK;
    #####:  504:            continue;
        -:  505:        }
    #####:  506:        zero_blocks = 0;
        -:  507:
        -:  508:        /* Parse header fields */
    #####:  509:        const char* h_name   = (const char*)(hdr);
    #####:  510:        const char* h_mode   = (const char*)(hdr + 100);
    #####:  511:        const char* h_size   = (const char*)(hdr + 124);
    #####:  512:        char typeflag        = (char)hdr[156];
    #####:  513:        const char* h_magic  = (const char*)(hdr + 257);
    #####:  514:        const char* h_prefix = (const char*)(hdr + 345);
        -:  515:
    #####:  516:        size_t file_size = tar_octal(h_size, 12);
    #####:  517:        size_t mode      = tar_octal(h_mode, 8);
        -:  518:
        -:  519:        /* Build entry path */
        -:  520:        char entry[1024];
    #####:  521:        bool ustar = (memcmp(h_magic, "ustar", 5) == 0);
    #####:  522:        if (ustar) {
    #####:  523:            if (tar_entry_path(entry, sizeof(entry), h_prefix, 155, h_name, 100) < 0) {
    #####:  524:                pos += TAR_BLOCK;
    #####:  525:                continue;
        -:  526:            }
        -:  527:        } else {
    #####:  528:            if (tar_entry_path(entry, sizeof(entry), "", 0, h_name, 100) < 0) {
    #####:  529:                pos += TAR_BLOCK;
    #####:  530:                continue;
        -:  531:            }
        -:  532:        }
    #####:  533:        if (entry[0] == '\0') { pos += TAR_BLOCK; continue; }
        -:  534:
        -:  535:        /* Full destination path */
    #####:  536:        size_t elen = strlen(entry);
    #####:  537:        char* full = (char*)malloc(dlen + 1 + elen + 1);
    #####:  538:        if (!full) return -1;
    #####:  539:        memcpy(full, dest_dir, dlen);
    #####:  540:        full[dlen] = '/';
    #####:  541:        memcpy(full + dlen + 1, entry, elen);
    #####:  542:        full[dlen + 1 + elen] = '\0';
    #####:  543:        pal_path_normalize(full);
        -:  544:
    #####:  545:        pos += TAR_BLOCK; /* advance past header */
        -:  546:
    #####:  547:        if (typeflag == '5') {
        -:  548:            /* Directory */
    #####:  549:            pal_mkdir_p(full);
    #####:  550:        } else if (typeflag == '0' || typeflag == '\0') {
        -:  551:            /* Regular file */
    #####:  552:            tar_mkparent(full);
    #####:  553:            if (file_size > 0) {
    #####:  554:                if (pos + file_size > tar_len) { free(full); return -1; }
    #####:  555:                if (pal_file_write(full, (const char*)(tar_data + pos),
        -:  556:                                   file_size) != 0) {
    #####:  557:                    free(full); return -1;
        -:  558:                }
        -:  559:            } else {
    #####:  560:                if (pal_file_write(full, "", 0) != 0) {
    #####:  561:                    free(full); return -1;
        -:  562:                }
        -:  563:            }
        -:  564:#ifndef _WIN32
        -:  565:            if (mode != 0)
        -:  566:                chmod(full, (mode_t)(mode & 0777));
        -:  567:#endif
        -:  568:            /* Advance past data blocks (padded to TAR_BLOCK) */
    #####:  569:            size_t blocks = (file_size + TAR_BLOCK - 1) / TAR_BLOCK;
    #####:  570:            pos += blocks * TAR_BLOCK;
    #####:  571:        } else if (typeflag == '2') {
        -:  572:            /* Symlink - skip (no data blocks) */
        -:  573:        } else {
        -:  574:            /* Other types - skip data blocks */
    #####:  575:            size_t blocks = (file_size + TAR_BLOCK - 1) / TAR_BLOCK;
    #####:  576:            pos += blocks * TAR_BLOCK;
        -:  577:        }
    #####:  578:        free(full);
        -:  579:    }
    #####:  580:    return 0;
        -:  581:}
        -:  582:
        -:  583:/* ===========================================================================
        -:  584: * tar.gz extraction - public API
        -:  585: * =========================================================================== */
    #####:  586:int archive_extract_targz(const char* archive_path, const char* dest_dir) {
    #####:  587:    if (!archive_path || !dest_dir) return -1;
        -:  588:
        -:  589:    /* Read the .tar.gz file */
    #####:  590:    char* raw = NULL; size_t raw_len = 0;
    #####:  591:    if (pal_file_read(archive_path, &raw, &raw_len) != 0) {
    #####:  592:        archive_error("archive: cannot read '%s'", archive_path);
    #####:  593:        return -1;
        -:  594:    }
        -:  595:
        -:  596:    /* Decompress gzip layer to get raw tar data */
    #####:  597:    uint8_t* tar_data = NULL; size_t tar_len = 0;
    #####:  598:    int rc = gzip_decompress((const uint8_t*)raw, raw_len, &tar_data, &tar_len);
    #####:  599:    free(raw);
    #####:  600:    if (rc != 0) {
    #####:  601:        archive_error("archive: gzip decompress failed '%s'", archive_path);
    #####:  602:        return -1;
        -:  603:    }
        -:  604:
        -:  605:    /* Create destination directory */
    #####:  606:    if (pal_mkdir_p(dest_dir) != 0) {
    #####:  607:        archive_error("archive: cannot create dest '%s'", dest_dir);
    #####:  608:        free(tar_data);
    #####:  609:        return -1;
        -:  610:    }
        -:  611:
        -:  612:    /* Extract tar contents */
    #####:  613:    rc = tar_extract(tar_data, tar_len, dest_dir);
    #####:  614:    free(tar_data);
    #####:  615:    if (rc != 0) {
    #####:  616:        archive_error("archive: tar extraction failed '%s'", archive_path);
        -:  617:    }
    #####:  618:    return rc;
        -:  619:}
